2025-02-03 19:07:56,526 - pyswarms.single.global_best - INFO - Optimize for 10 iters with {'c1': 0.2, 'c2': 1.5, 'w': 0.2075}
2025-02-03 19:08:23,662 - pyswarms.single.global_best - INFO - Optimization finished | best cost: 20999.34375, best pos: [  1.6735473    1.0197015    0.24282035  78.31285     83.61432
 143.16476      3.0783124    3.75779      2.1784518   50.243027
  25.758245    52.066223     1.8278979    0.3150486    1.2434468
  60.251987   -43.87655     87.51194   ]
2025-02-03 19:16:51,650 - pyswarms.single.global_best - INFO - Optimize for 10 iters with {'c1': 0.2, 'c2': 1.5, 'w': 0.2075}
2025-02-03 19:17:23,954 - pyswarms.single.global_best - INFO - Optimization finished | best cost: 20999.34375, best pos: [  1.6735473    1.0197015    0.24282035  78.31285     83.61432
 143.16476      3.0783124    3.75779      2.1784518   50.243027
  25.758245    52.066223     1.8278979    0.3150486    1.2434468
  60.251987   -43.87655     87.51194   ]
2025-02-03 19:18:59,202 - pyswarms.single.global_best - INFO - Optimize for 10 iters with {'c1': 0.2, 'c2': 1.5, 'w': 0.2075}
2025-02-03 19:21:45,434 - pyswarms.single.global_best - INFO - Optimize for 10 iters with {'c1': 1.2, 'c2': 0.7, 'w': 0.2075}
2025-02-03 19:37:17,215 - pyswarms.single.global_best - INFO - Optimization finished | best cost: -0.8720760233918129, best pos: [  2.1100168   2.0938551   1.2664725  24.293322  -53.491325   34.333435
   2.4167154   2.4492373   2.0135684  -2.7583892  22.246977   11.35449
   3.9073982   4.9522114   1.8460667 -24.472725   37.490776   58.545628
   2.306591    3.5582607   1.0753353 -55.507244  -36.98148   -15.537884 ]
2025-02-03 19:50:20,317 - pyswarms.single.global_best - INFO - Optimize for 10 iters with {'c1': 1.2, 'c2': 0.7, 'w': 0.3075}
2025-02-03 19:58:57,167 - pyswarms.single.global_best - INFO - Optimization finished | best cost: -0.952485380116959, best pos: [  1.9960127    2.3939588    1.3305513   23.85465    -62.699085
  31.12587      2.850673     2.3652785    2.1954985   35.501812
  30.857832     6.6199293    2.0180333    4.584048     1.7362621
 -59.53726     -8.21696     62.38962      2.0712783    3.160242
   0.89937335 -46.940083    73.67041    -48.86968   ]
   
2025-02-03 21:01:39,168 - pyswarms.single.global_best - INFO - Optimize for 10 iters with {'c1': 1.2, 'c2': 0.7, 'w': 0.3075}
2025-02-03 21:07:06,638 - pyswarms.single.global_best - INFO - Optimization finished | best cost: 15999.500857512558, best pos: [   2.0635426     0.83061945    0.42058203   60.226814    -84.14695
  149.94269       1.8830771     4.4181547     0.7738686   -72.28654
  -71.92387      10.936476      2.9028265     1.4811047     1.8187783
  -14.557564     38.702095    -25.197573      2.185265      4.0639033
    1.7463522    39.4765      -71.94868    -131.24863   ]
2025-02-04 00:06:09,827 - pyswarms.single.global_best - INFO - Optimize for 10 iters with {'c1': 1.2, 'c2': 0.7, 'w': 0.3075}
2025-02-04 00:07:06,064 - pyswarms.single.global_best - INFO - Optimize for 10 iters with {'c1': 1.2, 'c2': 0.7, 'w': 0.5075}
2025-02-04 00:11:30,198 - pyswarms.single.global_best - INFO - Optimization finished | best cost: -3000.3947368421054, best pos: [  3.171855     2.4612546    0.530787     7.2038226  171.25706
  -0.9085022    2.2885413    2.569851     0.43240267  41.269363
   3.508581     0.6116086    2.0528967    1.0574098    0.53500944
  78.55998     83.8626      -0.90167844   3.4401135    3.863471
   2.4829059   50.25714     25.867579     0.72585374]
2025-02-04 00:14:47,395 - pyswarms.single.global_best - INFO - Optimize for 10 iters with {'c1': 0.9, 'c2': 1.5, 'w': 0.3075}
2025-02-04 00:15:31,253 - pyswarms.single.global_best - INFO - Optimize for 10 iters with {'c1': 0.9, 'c2': 1.5, 'w': 0.3075}
2025-02-04 00:19:43,065 - pyswarms.single.global_best - INFO - Optimize for 10 iters with {'c1': 0.8, 'c2': 1.2, 'w': 0.3}
2025-02-04 00:23:58,268 - pyswarms.single.global_best - INFO - Optimization finished | best cost: -2000.3523391812867, best pos: [   0.94269115    3.2078736     0.30384576 -145.61366    -175.66158
   -0.5858267     2.4817417     0.86153936    0.1854564    -2.6958656
  145.13237      -0.9769982     1.1816732     4.7842073     1.7124447
  118.9703      147.35141      -0.5625064     3.831529      1.3854752
    2.533764    164.57382    -122.32354       0.62450814]
2025-02-04 00:28:03,661 - pyswarms.single.global_best - INFO - Optimize for 10 iters with {'c1': 1.2, 'c2': 0.7, 'w': 0.3075}
2025-02-04 00:29:19,406 - pyswarms.single.global_best - INFO - Optimization finished | best cost: -1.0, best pos: [  4.29411172   3.27755602   1.43118299  -8.10292467  53.69274954
   0.17280363   1.11433407   3.07233496   2.14516713  -4.97213702
 -48.99784989   0.21090273   3.99399509   3.04747152   1.8953146
 -31.33046724  37.24671763   0.24626215   3.17177886   1.12898319
   1.62564329  48.15805206  26.19083887   0.1626552 ]
2025-02-04 00:30:41,265 - pyswarms.single.global_best - INFO - Optimize for 10 iters with {'c1': 1.2, 'c2': 0.7, 'w': 0.3075}
2025-02-04 00:31:53,235 - pyswarms.single.global_best - INFO - Optimize for 10 iters with {'c1': 1.2, 'c2': 0.7, 'w': 0.3075}
2025-02-04 00:32:30,467 - pyswarms.single.global_best - INFO - Optimization finished | best cost: -0.9758771929824561, best pos: [ 3.97855828e+00  1.91458980e+00  2.64800473e+00  1.01068261e+01
  3.53578327e+01  5.21155295e-02  8.49093028e-01  2.70548025e+00
  1.94754966e+00  3.08235349e+00 -5.60252167e+01  7.87615956e-02]
2025-02-04 00:36:26,081 - pyswarms.single.global_best - INFO - Optimize for 10 iters with {'c1': 1.2, 'c2': 0.7, 'w': 0.3075}
2025-02-04 00:37:40,046 - pyswarms.single.global_best - INFO - Optimization finished | best cost: -1.0, best pos: [  4.29411172   3.27755602   1.43118299  -8.10292467  53.69274954
   0.17280363   1.11433407   3.07233496   2.14516713  -4.97213702
 -48.99784989   0.21090273   3.99399509   3.04747152   1.8953146
 -31.33046724  37.24671763   0.24626215   3.17177886   1.12898319
   1.62564329  48.15805206  26.19083887   0.1626552 ]
2025-02-04 00:38:58,421 - pyswarms.single.global_best - INFO - Optimize for 10 iters with {'c1': 1.2, 'c2': 0.7, 'w': 0.3075}
2025-02-04 00:40:13,406 - pyswarms.single.global_best - INFO - Optimization finished | best cost: -0.33, best pos: [  4.29411172   3.27755602   1.43118299  -8.10292467  53.69274954
   0.17280363   1.11433407   3.07233496   2.14516713  -4.97213702
 -48.99784989   0.21090273   3.99399509   3.04747152   1.8953146
 -31.33046724  37.24671763   0.24626215   3.17177886   1.12898319
   1.62564329  48.15805206  26.19083887   0.1626552 ]
2025-02-04 00:42:56,523 - pyswarms.single.global_best - INFO - Optimize for 10 iters with {'c1': 0.8, 'c2': 1.3, 'w': 0.2075}
2025-02-04 00:44:11,274 - pyswarms.single.global_best - INFO - Optimization finished | best cost: -0.33, best pos: [ 4.47122650e+00  2.76218010e+00  1.26456443e+00 -3.65534929e-01
  6.93860304e+01  9.64292100e-02  1.13641144e+00  3.00911571e+00
  1.55449564e+00 -3.17133981e+01 -5.07556536e+01  5.82577159e-02
  3.79283493e+00  4.41191310e+00  2.08039305e+00 -3.74585249e+01
  2.47497550e+01  5.97623112e-02  3.85282598e+00  1.32300650e+00
  1.89189731e+00  5.25444043e+01  1.89751789e+01  1.16603401e-01]
2025-02-04 10:49:12,726 - pyswarms.single.global_best - INFO - Optimize for 10 iters with {'c1': 0.2, 'c2': 1.3, 'w': 0.4075}
2025-02-04 10:51:10,594 - pyswarms.single.global_best - INFO - Optimization finished | best cost: -0.32975877192982456, best pos: [  0.37705603   2.01481606   1.09738714  11.02014344  42.36880306
  -0.08390511   1.07288577   3.65499219   1.55797188 -10.19407444
 -64.18720591   0.0968933    3.30949494   3.13591689   2.1827582
 -34.5589161   23.62437932   0.08415826   2.56155139   1.11471567
   1.51936314  53.18584673  22.18895217   0.1365697 ]
2025-02-04 10:57:55,302 - pyswarms.single.global_best - INFO - Optimize for 20 iters with {'c1': 0.2, 'c2': 1.3, 'w': 0.4075}
2025-02-04 11:01:58,174 - pyswarms.single.global_best - INFO - Optimization finished | best cost: -0.33, best pos: [ 4.30486452e+00  5.70826920e-01  1.35389622e+00  3.76536214e+01
  7.26734232e+01  5.93511197e-02  2.98425311e+00  9.05253703e-01
  1.23809536e+00  6.83951935e+01  7.75520522e-01  1.37722148e-01
  1.90224846e-01  8.06701792e-01  2.23395944e+00  3.35215643e+01
 -2.81511562e+01  1.45928798e-01  6.75866308e-01  2.50508123e+00
  1.95180124e+00  2.83792042e+00 -5.04728800e+01  9.98573133e-03]
2025-02-04 11:08:22,157 - pyswarms.single.global_best - INFO - Optimize for 20 iters with {'c1': 0.8, 'c2': 1.2, 'w': 0.3075}
2025-02-04 11:11:20,357 - pyswarms.single.global_best - INFO - Optimization finished | best cost: -1.0, best pos: [  3.9842827    1.49036677   1.97766865  52.00399179   6.0153523
   0.05742093   3.37944707   4.39591708   1.23080542 -56.9181931
   9.65533006   0.15071201   0.3574105    4.32703825   2.61634478
 -26.62199086 -18.16433342   0.09378736]
2025-02-04 11:29:13,081 - pyswarms.single.global_best - INFO - Optimize for 20 iters with {'c1': 0.8, 'c2': 1.2, 'w': 0.3075}
2025-02-04 11:33:11,002 - pyswarms.single.global_best - INFO - Optimization finished | best cost: -1.0, best pos: [ 1.71596192e+00  4.46633060e+00  1.75866911e+00 -2.05553654e+01
 -1.49270174e+01 -6.43895832e-03  6.32234057e-01  2.72136777e+00
  2.09759304e+00 -2.83919094e+01 -3.09522165e+01  1.59542135e-01
  3.81030401e+00  3.57773590e+00  2.48471543e+00 -7.53627550e+00
  3.72937535e+01  1.74448434e-01  5.07319219e+00  5.00537323e+00
  1.64307611e+00 -3.88111731e+01  3.99963125e+01  4.77193238e-03]
2025-02-04 11:40:49,631 - pyswarms.single.global_best - INFO - Optimize for 20 iters with {'c1': 0.8, 'c2': 1.2, 'w': 0.3075}
2025-02-04 11:45:56,364 - pyswarms.single.global_best - INFO - Optimization finished | best cost: -1.0, best pos: [ 1.96782403e+00  4.51166357e+00  1.60756264e+00 -5.80455746e+01
 -6.91192924e+00 -5.93011665e-04  4.18439430e+00  4.50800000e+00
  7.00000000e-01 -6.18703822e+01  8.17814987e+01 -1.85117112e-02
  4.62141094e+00  1.58292076e+00  2.43284260e+00  1.54201414e+01
  4.21632787e+01 -2.26914013e-02  3.98080548e+00  2.37948474e+00
  1.45325403e+00  4.39013139e+00  5.93539150e+01 -1.56195653e-02
  5.01879734e+00  5.25245814e+00  1.61079150e+00 -3.88818738e+01
  5.63746778e+01 -1.80431717e-02]
2025-02-04 11:52:12,708 - pyswarms.single.global_best - INFO - Optimize for 20 iters with {'c1': 0.8, 'c2': 1.2, 'w': 0.3075}
2025-02-04 11:56:33,143 - pyswarms.single.global_best - INFO - Optimization finished | best cost: -1.7811419519557645, best pos: [ 6.69627909e-02  3.50157730e+00  1.87650750e+00 -2.94519823e+01
 -4.56312200e+01  2.31468663e-01  4.72190481e+00  5.59646467e-02
  8.61867283e-01  5.07660463e+01  4.87001787e+01 -1.38538950e-02
  4.26409044e+00  5.21051362e+00  3.19143989e-01 -2.83588300e+01
  7.41192930e+01  2.38557308e-01]
2025-02-04 11:59:39,444 - pyswarms.single.global_best - INFO - Optimize for 10 iters with {'c1': 0.8, 'c2': 1.2, 'w': 0.3075}
2025-02-04 12:02:52,811 - pyswarms.single.global_best - INFO - Optimization finished | best cost: -1.6679507186221345, best pos: [  5.01019113   0.21333847   0.36723926  30.49182081  -8.80185708
   0.1221425    0.72456128   2.13867829   0.4869723   16.31769613
 -92.95451819   0.21427433   1.471874     4.94985967   1.28793896
 -51.33455752 -11.8468118    0.15198825   4.14814062   2.67499015
   1.09273449  80.20527221  48.20439744   0.1059067 ]
2025-02-04 12:10:01,916 - pyswarms.single.global_best - INFO - Optimize for 20 iters with {'c1': 0.8, 'c2': 1.2, 'w': 0.3075}
2025-02-04 12:11:51,834 - pyswarms.single.global_best - INFO - Optimize for 20 iters with {'c1': 0.7, 'c2': 1.2, 'w': 0.3}
2025-02-04 12:23:59,799 - pyswarms.single.global_best - INFO - Optimization finished | best cost: -1.6739660030752619, best pos: [ 5.12821357e+00  6.10368503e-02  1.33606611e+00  4.12849549e+01
  6.13773532e+01 -3.55240184e-02  2.73826515e-01  3.17339975e+00
  2.05389672e+00 -9.67159688e+00 -5.10994271e+01 -9.44873878e-02
  4.78091186e-02  5.23659068e+00  1.08361914e+00 -4.61055643e+01
 -6.16705268e+01 -1.52432375e-02  5.03780872e+00  2.76226090e+00
  1.57039757e+00  2.01643063e+01  5.98515485e+01 -9.32233935e-02]
2025-02-04 12:25:23,671 - pyswarms.single.global_best - INFO - Optimize for 20 iters with {'c1': 0.7, 'c2': 1.2, 'w': 0.3}
2025-02-04 12:26:28,160 - pyswarms.single.global_best - INFO - Optimize for 50 iters with {'c1': 0.7, 'c2': 1.2, 'w': 0.45}
2025-02-04 12:29:38,874 - pyswarms.single.global_best - INFO - Optimize for 50 iters with {'c1': 0.7, 'c2': 1.2, 'w': 0.45}
2025-02-04 12:30:24,166 - pyswarms.single.global_best - INFO - Optimize for 50 iters with {'c1': 0.7, 'c2': 1.2, 'w': 0.45}
2025-02-04 12:45:31,687 - pyswarms.single.global_best - INFO - Optimize for 100 iters with {'c1': 0.6, 'c2': 1.2, 'w': 0.55}
2025-02-04 13:10:30,918 - pyswarms.single.global_best - INFO - Optimize for 100 iters with {'c1': 0.6, 'c2': 1.2, 'w': 0.55}
2025-02-04 13:12:43,014 - pyswarms.single.global_best - INFO - Optimize for 100 iters with {'c1': 1.2, 'c2': 1.6, 'w': 0.7}
2025-02-04 13:40:06,003 - pyswarms.single.global_best - INFO - Optimize for 10 iters with {'c1': 0.8, 'c2': 1.2, 'w': 0.3}
2025-02-04 13:47:18,125 - pyswarms.single.global_best - INFO - Optimization finished | best cost: -2000.9703550013248, best pos: [   0.94269115    3.2078736     0.30384576 -145.61366    -175.66158
   -0.5858267     2.4817417     0.86153936    0.1854564    -2.6958656
  145.13237      -0.9769982     1.1816732     4.7842073     1.7124447
  118.9703      147.35141      -0.5625064     3.831529      1.3854752
    2.533764    164.57382    -122.32354       0.62450814]
